Analysis & Synthesis report for MemoryaddrBridge
Mon Dec 27 19:45:15 2010
Quartus II Version 10.0 Build 262 08/18/2010 Service Pack 1 SJ Web Edition


---------------------
; Table of Contents ;
---------------------
  1. Legal Notice
  2. Analysis & Synthesis Summary
  3. Analysis & Synthesis Settings
  4. Parallel Compilation
  5. Analysis & Synthesis Source Files Read
  6. Analysis & Synthesis Resource Usage Summary
  7. Analysis & Synthesis Resource Utilization by Entity
  8. Registers Removed During Synthesis
  9. General Register Statistics
 10. Inverted Register Statistics
 11. Analysis & Synthesis Messages
 12. Analysis & Synthesis Suppressed Messages



----------------
; Legal Notice ;
----------------
Copyright (C) 1991-2010 Altera Corporation
Your use of Altera Corporation's design tools, logic functions 
and other software and tools, and its AMPP partner logic 
functions, and any output files from any of the foregoing 
(including device programming or simulation files), and any 
associated documentation or information are expressly subject 
to the terms and conditions of the Altera Program License 
Subscription Agreement, Altera MegaCore Function License 
Agreement, or other applicable license agreement, including, 
without limitation, that your use is for the sole purpose of 
programming logic devices manufactured by Altera and sold by 
Altera or its authorized distributors.  Please refer to the 
applicable agreement for further details.



+-----------------------------------------------------------------------------+
; Analysis & Synthesis Summary                                                ;
+-----------------------------+-----------------------------------------------+
; Analysis & Synthesis Status ; Successful - Mon Dec 27 19:45:15 2010         ;
; Quartus II Version          ; 10.0 Build 262 08/18/2010 SP 1 SJ Web Edition ;
; Revision Name               ; MemoryaddrBridge                              ;
; Top-level Entity Name       ; MemoryaddrBridge                              ;
; Family                      ; MAX II                                        ;
; Total logic elements        ; 58                                            ;
; Total pins                  ; 25                                            ;
; Total virtual pins          ; 0                                             ;
; UFM blocks                  ; 0 / 1 ( 0 % )                                 ;
+-----------------------------+-----------------------------------------------+


+----------------------------------------------------------------------------------------------------------------------+
; Analysis & Synthesis Settings                                                                                        ;
+----------------------------------------------------------------------------+--------------------+--------------------+
; Option                                                                     ; Setting            ; Default Value      ;
+----------------------------------------------------------------------------+--------------------+--------------------+
; Device                                                                     ; EPM570T100C5       ;                    ;
; Top-level entity name                                                      ; MemoryaddrBridge   ; MemoryaddrBridge   ;
; Family name                                                                ; MAX II             ; Stratix II         ;
; Use smart compilation                                                      ; Off                ; Off                ;
; Enable parallel Assembler and TimeQuest Timing Analyzer during compilation ; On                 ; On                 ;
; Enable compact report table                                                ; Off                ; Off                ;
; Restructure Multiplexers                                                   ; Auto               ; Auto               ;
; Create Debugging Nodes for IP Cores                                        ; Off                ; Off                ;
; Preserve fewer node names                                                  ; On                 ; On                 ;
; Disable OpenCore Plus hardware evaluation                                  ; Off                ; Off                ;
; Verilog Version                                                            ; Verilog_2001       ; Verilog_2001       ;
; VHDL Version                                                               ; VHDL_1993          ; VHDL_1993          ;
; State Machine Processing                                                   ; Auto               ; Auto               ;
; Safe State Machine                                                         ; Off                ; Off                ;
; Extract Verilog State Machines                                             ; On                 ; On                 ;
; Extract VHDL State Machines                                                ; On                 ; On                 ;
; Ignore Verilog initial constructs                                          ; Off                ; Off                ;
; Iteration limit for constant Verilog loops                                 ; 5000               ; 5000               ;
; Iteration limit for non-constant Verilog loops                             ; 250                ; 250                ;
; Add Pass-Through Logic to Inferred RAMs                                    ; On                 ; On                 ;
; Parallel Synthesis                                                         ; On                 ; On                 ;
; NOT Gate Push-Back                                                         ; On                 ; On                 ;
; Power-Up Don't Care                                                        ; On                 ; On                 ;
; Remove Redundant Logic Cells                                               ; Off                ; Off                ;
; Remove Duplicate Registers                                                 ; On                 ; On                 ;
; Ignore CARRY Buffers                                                       ; Off                ; Off                ;
; Ignore CASCADE Buffers                                                     ; Off                ; Off                ;
; Ignore GLOBAL Buffers                                                      ; Off                ; Off                ;
; Ignore ROW GLOBAL Buffers                                                  ; Off                ; Off                ;
; Ignore LCELL Buffers                                                       ; Off                ; Off                ;
; Ignore SOFT Buffers                                                        ; On                 ; On                 ;
; Limit AHDL Integers to 32 Bits                                             ; Off                ; Off                ;
; Optimization Technique                                                     ; Balanced           ; Balanced           ;
; Carry Chain Length                                                         ; 70                 ; 70                 ;
; Auto Carry Chains                                                          ; On                 ; On                 ;
; Auto Open-Drain Pins                                                       ; On                 ; On                 ;
; Perform WYSIWYG Primitive Resynthesis                                      ; Off                ; Off                ;
; Auto Shift Register Replacement                                            ; Auto               ; Auto               ;
; Auto Clock Enable Replacement                                              ; On                 ; On                 ;
; Allow Synchronous Control Signals                                          ; On                 ; On                 ;
; Force Use of Synchronous Clear Signals                                     ; Off                ; Off                ;
; Auto Resource Sharing                                                      ; Off                ; Off                ;
; Use LogicLock Constraints during Resource Balancing                        ; On                 ; On                 ;
; Ignore translate_off and synthesis_off directives                          ; Off                ; Off                ;
; Report Parameter Settings                                                  ; On                 ; On                 ;
; Report Source Assignments                                                  ; On                 ; On                 ;
; Report Connectivity Checks                                                 ; On                 ; On                 ;
; Ignore Maximum Fan-Out Assignments                                         ; Off                ; Off                ;
; Synchronization Register Chain Length                                      ; 2                  ; 2                  ;
; PowerPlay Power Optimization                                               ; Normal compilation ; Normal compilation ;
; HDL message level                                                          ; Level2             ; Level2             ;
; Suppress Register Optimization Related Messages                            ; Off                ; Off                ;
; Number of Removed Registers Reported in Synthesis Report                   ; 5000               ; 5000               ;
; Number of Inverted Registers Reported in Synthesis Report                  ; 100                ; 100                ;
; Clock MUX Protection                                                       ; On                 ; On                 ;
; Block Design Naming                                                        ; Auto               ; Auto               ;
; Synthesis Effort                                                           ; Auto               ; Auto               ;
; Shift Register Replacement - Allow Asynchronous Clear Signal               ; On                 ; On                 ;
; Analysis & Synthesis Message Level                                         ; Medium             ; Medium             ;
; Disable Register Merging Across Hierarchies                                ; Auto               ; Auto               ;
; Synthesis Seed                                                             ; 1                  ; 1                  ;
+----------------------------------------------------------------------------+--------------------+--------------------+


Parallel compilation was disabled, but you have multiple processors available. Enable parallel compilation to reduce compilation time.
+-------------------------------------+
; Parallel Compilation                ;
+----------------------------+--------+
; Processors                 ; Number ;
+----------------------------+--------+
; Number detected on machine ; 2      ;
; Maximum allowed            ; 1      ;
+----------------------------+--------+


+--------------------------------------------------------------------------------------------------------------------------------------------+
; Analysis & Synthesis Source Files Read                                                                                                     ;
+----------------------------------+-----------------+------------------------+--------------------------------------------------------------+
; File Name with User-Entered Path ; Used in Netlist ; File Type              ; File Name with Absolute Path                                 ;
+----------------------------------+-----------------+------------------------+--------------------------------------------------------------+
; Verilog1.v                       ; yes             ; User Verilog HDL File  ; D:/Documents and Settings/Ior/Desktop/quartusII/Verilog1.v   ;
; NewBufctrl.v                     ; yes             ; User Verilog HDL File  ; D:/Documents and Settings/Ior/Desktop/quartusII/NewBufctrl.v ;
+----------------------------------+-----------------+------------------------+--------------------------------------------------------------+


+--------------------------------------------------------------------------------+
; Analysis & Synthesis Resource Usage Summary                                    ;
+---------------------------------------------+----------------------------------+
; Resource                                    ; Usage                            ;
+---------------------------------------------+----------------------------------+
; Total logic elements                        ; 58                               ;
;     -- Combinational with no register       ; 21                               ;
;     -- Register only                        ; 2                                ;
;     -- Combinational with a register        ; 35                               ;
;                                             ;                                  ;
; Logic element usage by number of LUT inputs ;                                  ;
;     -- 4 input functions                    ; 2                                ;
;     -- 3 input functions                    ; 1                                ;
;     -- 2 input functions                    ; 32                               ;
;     -- 1 input functions                    ; 6                                ;
;     -- 0 input functions                    ; 15                               ;
;                                             ;                                  ;
; Logic elements by mode                      ;                                  ;
;     -- normal mode                          ; 33                               ;
;     -- arithmetic mode                      ; 25                               ;
;     -- qfbk mode                            ; 0                                ;
;     -- register cascade mode                ; 0                                ;
;     -- synchronous clear/load mode          ; 0                                ;
;     -- asynchronous clear/load mode         ; 15                               ;
;                                             ;                                  ;
; Total registers                             ; 37                               ;
; Total logic cells in carry chains           ; 28                               ;
; I/O pins                                    ; 25                               ;
; Maximum fan-out node                        ; TimingManager:timemanager|Sig_En ;
; Maximum fan-out                             ; 21                               ;
; Total fan-out                               ; 187                              ;
; Average fan-out                             ; 2.25                             ;
+---------------------------------------------+----------------------------------+


+--------------------------------------------------------------------------------------------------------------------------------------------------------------------------------------------------------------------------------------------------+
; Analysis & Synthesis Resource Utilization by Entity                                                                                                                                                                                              ;
+--------------------------------+-------------+--------------+------------+------+--------------+--------------+-------------------+------------------+-----------------+------------+---------------------------------------------+--------------+
; Compilation Hierarchy Node     ; Logic Cells ; LC Registers ; UFM Blocks ; Pins ; Virtual Pins ; LUT-Only LCs ; Register-Only LCs ; LUT/Register LCs ; Carry Chain LCs ; Packed LCs ; Full Hierarchy Name                         ; Library Name ;
+--------------------------------+-------------+--------------+------------+------+--------------+--------------+-------------------+------------------+-----------------+------------+---------------------------------------------+--------------+
; |MemoryaddrBridge              ; 58 (0)      ; 37           ; 0          ; 25   ; 0            ; 21 (0)       ; 2 (0)             ; 35 (0)           ; 28 (0)          ; 0 (0)      ; |MemoryaddrBridge                           ; work         ;
;    |TimingManager:timemanager| ; 38 (38)     ; 18           ; 0          ; 0    ; 0            ; 20 (20)      ; 1 (1)             ; 17 (17)          ; 13 (13)         ; 0 (0)      ; |MemoryaddrBridge|TimingManager:timemanager ; work         ;
;    |clkdivider:clkdivider0|    ; 2 (2)       ; 2            ; 0          ; 0    ; 0            ; 0 (0)        ; 0 (0)             ; 2 (2)            ; 0 (0)           ; 0 (0)      ; |MemoryaddrBridge|clkdivider:clkdivider0    ; work         ;
;    |memoryaddressor:menaddr|   ; 18 (18)     ; 17           ; 0          ; 0    ; 0            ; 1 (1)        ; 1 (1)             ; 16 (16)          ; 15 (15)         ; 0 (0)      ; |MemoryaddrBridge|memoryaddressor:menaddr   ; work         ;
+--------------------------------+-------------+--------------+------------+------+--------------+--------------+-------------------+------------------+-----------------+------------+---------------------------------------------+--------------+
Note: For table entries with two numbers listed, the numbers in parentheses indicate the number of resources of the given type used by the specific entity alone. The numbers listed outside of parentheses indicate the total resources of the given type used by the specific entity and all of its sub-entities in the hierarchy.


+------------------------------------------------------------+
; Registers Removed During Synthesis                         ;
+---------------------------------------+--------------------+
; Register name                         ; Reason for Removal ;
+---------------------------------------+--------------------+
; TimingManager:timemanager|foo[7]      ; Lost fanout        ;
; Total Number of Removed Registers = 1 ;                    ;
+---------------------------------------+--------------------+


+------------------------------------------------------+
; General Register Statistics                          ;
+----------------------------------------------+-------+
; Statistic                                    ; Value ;
+----------------------------------------------+-------+
; Total registers                              ; 37    ;
; Number of registers using Synchronous Clear  ; 0     ;
; Number of registers using Synchronous Load   ; 0     ;
; Number of registers using Asynchronous Clear ; 0     ;
; Number of registers using Asynchronous Load  ; 15    ;
; Number of registers using Clock Enable       ; 0     ;
; Number of registers using Preset             ; 0     ;
+----------------------------------------------+-------+


+--------------------------------------------------+
; Inverted Register Statistics                     ;
+----------------------------------------+---------+
; Inverted Register                      ; Fan out ;
+----------------------------------------+---------+
; TimingManager:timemanager|Sig_En       ; 21      ;
; Total number of inverted registers = 1 ;         ;
+----------------------------------------+---------+


+-------------------------------+
; Analysis & Synthesis Messages ;
+-------------------------------+
Info: *******************************************************************
Info: Running Quartus II Analysis & Synthesis
    Info: Version 10.0 Build 262 08/18/2010 Service Pack 1 SJ Web Edition
    Info: Processing started: Mon Dec 27 19:45:14 2010
Info: Command: quartus_map --read_settings_files=on --write_settings_files=off MemoryaddrBridge -c MemoryaddrBridge
Info: Found 2 design units, including 2 entities, in source file verilog1.v
    Info: Found entity 1: clkdivider
    Info: Found entity 2: MemoryaddrBridge
Info: Found 1 design units, including 1 entities, in source file queue.v
    Info: Found entity 1: Queue
Info: Found 1 design units, including 1 entities, in source file sounddriver.v
    Info: Found entity 1: ymzdriv
Warning (10261): Verilog HDL Event Control warning at NewBufctrl.v(13): Event Control contains a complex event expression
Info: Found 3 design units, including 3 entities, in source file newbufctrl.v
    Info: Found entity 1: TimingManager
    Info: Found entity 2: InLayer
    Info: Found entity 3: memoryaddressor
Info: Found 1 design units, including 1 entities, in source file ugly.v
    Info: Found entity 1: Sendbridge
Info: Elaborating entity "MemoryaddrBridge" for the top level hierarchy
Info: Elaborating entity "TimingManager" for hierarchy "TimingManager:timemanager"
Info: Elaborating entity "memoryaddressor" for hierarchy "memoryaddressor:menaddr"
Info: Elaborating entity "clkdivider" for hierarchy "clkdivider:clkdivider0"
Info: 1 registers lost all their fanouts during netlist optimizations. The first 1 are displayed below.
    Info: Register "TimingManager:timemanager|foo[7]" lost all its fanouts during netlist optimizations.
Info: Implemented 83 device resources after synthesis - the final resource count might be different
    Info: Implemented 4 input pins
    Info: Implemented 21 output pins
    Info: Implemented 58 logic cells
Info: Generated suppressed messages file D:/Documents and Settings/Ior/Desktop/quartusII/MemoryaddrBridge.map.smsg
Info: Quartus II Analysis & Synthesis was successful. 0 errors, 1 warning
    Info: Peak virtual memory: 191 megabytes
    Info: Processing ended: Mon Dec 27 19:45:15 2010
    Info: Elapsed time: 00:00:01
    Info: Total CPU time (on all processors): 00:00:01


+------------------------------------------+
; Analysis & Synthesis Suppressed Messages ;
+------------------------------------------+
The suppressed messages can be found in D:/Documents and Settings/Ior/Desktop/quartusII/MemoryaddrBridge.map.smsg.


