Flow report for MemoryaddrBridge
Sat Nov 20 03:52:50 2010
Quartus II Version 9.1 Build 304 01/25/2010 Service Pack 1 SJ Web Edition


---------------------
; Table of Contents ;
---------------------
  1. Legal Notice
  2. Flow Summary
  3. Flow Settings
  4. Flow Non-Default Global Settings
  5. Flow Elapsed Time
  6. Flow OS Summary
  7. Flow Log



----------------
; Legal Notice ;
----------------
Copyright (C) 1991-2010 Altera Corporation
Your use of Altera Corporation's design tools, logic functions 
and other software and tools, and its AMPP partner logic 
functions, and any output files from any of the foregoing 
(including device programming or simulation files), and any 
associated documentation or information are expressly subject 
to the terms and conditions of the Altera Program License 
Subscription Agreement, Altera MegaCore Function License 
Agreement, or other applicable license agreement, including, 
without limitation, that your use is for the sole purpose of 
programming logic devices manufactured by Altera and sold by 
Altera or its authorized distributors.  Please refer to the 
applicable agreement for further details.



+------------------------------------------------------------------------+
; Flow Summary                                                           ;
+-------------------------+----------------------------------------------+
; Flow Status             ; Successful - Sat Nov 20 03:52:50 2010        ;
; Quartus II Version      ; 9.1 Build 304 01/25/2010 SP 1 SJ Web Edition ;
; Revision Name           ; MemoryaddrBridge                             ;
; Top-level Entity Name   ; MemoryaddrBridge                             ;
; Family                  ; MAX II                                       ;
; Device                  ; EPM570T100C5                                 ;
; Timing Models           ; Final                                        ;
; Met timing requirements ; Yes                                          ;
; Total logic elements    ; 73 / 570 ( 13 % )                            ;
; Total pins              ; 24 / 76 ( 32 % )                             ;
; Total virtual pins      ; 0                                            ;
; UFM blocks              ; 0 / 1 ( 0 % )                                ;
+-------------------------+----------------------------------------------+


+-----------------------------------------+
; Flow Settings                           ;
+-------------------+---------------------+
; Option            ; Setting             ;
+-------------------+---------------------+
; Start date & time ; 11/20/2010 03:52:13 ;
; Main task         ; Compilation         ;
; Revision Name     ; MemoryaddrBridge    ;
+-------------------+---------------------+


+-------------------------------------------------------------------------------------------------------------------------+
; Flow Non-Default Global Settings                                                                                        ;
+------------------------+-----------------------------------------------------+---------------+-------------+------------+
; Assignment Name        ; Value                                               ; Default Value ; Entity Name ; Section Id ;
+------------------------+-----------------------------------------------------+---------------+-------------+------------+
; COMPILER_SIGNATURE_ID  ; 13220847632823353344.129019273314254                ; --            ; --          ; --         ;
; MAX_CORE_JUNCTION_TEMP ; 85                                                  ; --            ; --          ; --         ;
; MIN_CORE_JUNCTION_TEMP ; 0                                                   ; --            ; --          ; --         ;
; MISC_FILE              ; /home/ioriveur/Desktop/quartus/MemoryaddrBridge.dpf ; --            ; --          ; --         ;
+------------------------+-----------------------------------------------------+---------------+-------------+------------+


+-----------------------------------------------------------------------------------------------------------------------------+
; Flow Elapsed Time                                                                                                           ;
+-------------------------+--------------+-------------------------+---------------------+------------------------------------+
; Module Name             ; Elapsed Time ; Average Processors Used ; Peak Virtual Memory ; Total CPU Time (on all processors) ;
+-------------------------+--------------+-------------------------+---------------------+------------------------------------+
; Analysis & Synthesis    ; 00:00:06     ; 1.0                     ; --                  ; 00:00:03                           ;
; Fitter                  ; 00:00:08     ; 1.0                     ; --                  ; 00:00:04                           ;
; Assembler               ; 00:00:03     ; 1.0                     ; --                  ; 00:00:01                           ;
; Classic Timing Analyzer ; 00:00:03     ; 1.0                     ; --                  ; 00:00:01                           ;
; Total                   ; 00:00:20     ; --                      ; --                  ; 00:00:09                           ;
+-------------------------+--------------+-------------------------+---------------------+------------------------------------+


+---------------------------------------------------------------------------------------------+
; Flow OS Summary                                                                             ;
+-------------------------+------------------+------------------+------------+----------------+
; Module Name             ; Machine Hostname ; OS Name          ; OS Version ; Processor type ;
+-------------------------+------------------+------------------+------------+----------------+
; Analysis & Synthesis    ; debian           ; Debian GNU/Linux ; 5          ; i686           ;
; Fitter                  ; debian           ; Debian GNU/Linux ; 5          ; i686           ;
; Assembler               ; debian           ; Debian GNU/Linux ; 5          ; i686           ;
; Classic Timing Analyzer ; debian           ; Debian GNU/Linux ; 5          ; i686           ;
+-------------------------+------------------+------------------+------------+----------------+


------------
; Flow Log ;
------------
quartus_map --read_settings_files=on --write_settings_files=off MemoryaddrBridge -c MemoryaddrBridge
quartus_fit --read_settings_files=off --write_settings_files=off MemoryaddrBridge -c MemoryaddrBridge
quartus_asm --read_settings_files=off --write_settings_files=off MemoryaddrBridge -c MemoryaddrBridge
quartus_tan --read_settings_files=off --write_settings_files=off MemoryaddrBridge -c MemoryaddrBridge



